


materialPath: F:\SteamLibrary\SteamApps\common\Team Fortress 2\tf\materials
Loading F:\Libraries\Documents\Tf2Maps\cp_depot Alpha 01.vmf
ConVarRef mat_reduceparticles doesn't point to an existing ConVar
Patching WVT material: maps/cp_depot alpha 01/brick/blendcobbletocobblesnow001_wvt_patch
fixing up env_cubemap materials on brush sides...
0...1...2...3...4...5...6...7...8...9...10**** leaked ****
Entity shadow_control (240.32 -2407.62 1160.00) leaked!

FindPortalSide: Couldn't find a good match for which brush to assign to a portal near (2048.0 1536.0 540.0)
Leaf 0 contents: 
Leaf 1 contents: CONTENTS_SOLID 
viscontents (node 0 contents ^ node 1 contents): CONTENTS_SOLID 
This means that none of the brushes in leaf 0 or 1 that touches the portal has CONTENTS_SOLID 
Check for a huge brush enclosing the coordinates above that has contents CONTENTS_SOLID 
Candidate brush IDs: 


FindPortalSide: Couldn't find a good match for which brush to assign to a portal near (1536.0 2048.0 540.0)
Leaf 0 contents: 
Leaf 1 contents: CONTENTS_SOLID 
viscontents (node 0 contents ^ node 1 contents): CONTENTS_SOLID 
This means that none of the brushes in leaf 0 or 1 that touches the portal has CONTENTS_SOLID 
Check for a huge brush enclosing the coordinates above that has contents CONTENTS_SOLID 
Candidate brush IDs: 


FindPortalSide: Couldn't find a good match for which brush to assign to a portal near (64.0 1024.0 -44.0)
Leaf 0 contents: CONTENTS_SOLID 
Leaf 1 contents: 
viscontents (node 0 contents ^ node 1 contents): CONTENTS_SOLID 
This means that none of the brushes in leaf 0 or 1 that touches the portal has CONTENTS_SOLID 
Check for a huge brush enclosing the coordinates above that has contents CONTENTS_SOLID 
Candidate brush IDs: 


FindPortalSide: Couldn't find a good match for which brush to assign to a portal near (576.0 1024.0 212.0)
Leaf 0 contents: CONTENTS_SOLID 
Leaf 1 contents: 
viscontents (node 0 contents ^ node 1 contents): CONTENTS_SOLID 
This means that none of the brushes in leaf 0 or 1 that touches the portal has CONTENTS_SOLID 
Check for a huge brush enclosing the coordinates above that has contents CONTENTS_SOLID 
Candidate brush IDs: 


FindPortalSide: Couldn't find a good match for which brush to assign to a portal near (352.0 1024.0 608.0)
Leaf 0 contents: CONTENTS_SOLID 
Leaf 1 contents: 
viscontents (node 0 contents ^ node 1 contents): CONTENTS_SOLID 
This means that none of the brushes in leaf 0 or 1 that touches the portal has CONTENTS_SOLID 
Check for a huge brush enclosing the coordinates above that has contents CONTENTS_SOLID 
Candidate brush IDs: 


FindPortalSide: Couldn't find a good match for which brush to assign to a portal near (864.0 1024.0 608.0)
Leaf 0 contents: CONTENTS_SOLID 
Leaf 1 contents: 
viscontents (node 0 contents ^ node 1 contents): CONTENTS_SOLID 
This means that none of the brushes in leaf 0 or 1 that touches the portal has CONTENTS_SOLID 
Check for a huge brush enclosing the coordinates above that has contents CONTENTS_SOLID 
Candidate brush IDs: 


FindPortalSide: Couldn't find a good match for which brush to assign to a portal near (352.0 1024.0 896.0)
Leaf 0 contents: CONTENTS_SOLID 
Leaf 1 contents: 
viscontents (node 0 contents ^ node 1 contents): CONTENTS_SOLID 
This means that none of the brushes in leaf 0 or 1 that touches the portal has CONTENTS_SOLID 
Check for a huge brush enclosing the coordinates above that has contents CONTENTS_SOLID 
Candidate brush IDs: 


FindPortalSide: Couldn't find a good match for which brush to assign to a portal near (864.0 1024.0 896.0)
Leaf 0 contents: CONTENTS_SOLID 
Leaf 1 contents: 
viscontents (node 0 contents ^ node 1 contents): CONTENTS_SOLID 
This means that none of the brushes in leaf 0 or 1 that touches the portal has CONTENTS_SOLID 
Check for a huge brush enclosing the coordinates above that has contents CONTENTS_SOLID 
Candidate brush IDs: 

*** Suppressing further FindPortalSide errors.... ***
Processing areas...done (0)
Building Faces...done (0)
Chop Details...done (0)
Find Visible Detail Sides...done (0)
Merging details...done (0)
FixTjuncs...
PruneNodes...
WriteBSP...
done (0)
*** Error: Skybox vtf files for skybox/sky_dustbowl_01 weren't compiled with the same size texture and/or same flags!
Can't load skybox file skybox/sky_dustbowl_01 to build the default cubemap!
*** Error: Skybox vtf files for skybox/sky_dustbowl_01 weren't compiled with the same size texture and/or same flags!
Can't load skybox file skybox/sky_dustbowl_01 to build the default cubemap!
Finding displacement neighbors...
Finding lightmap sample positions...
Displacement Alpha : 0...1...2...3...4...5...6...7...8...9...10
Building Physics collision data...
done (0) (94531 bytes)
Static prop models/props_trainyard/handrail608.mdl outside the map (656.00, -2144.00, 544.00)
Static prop models/props_trainyard/handrail608.mdl outside the map (656.00, -1520.00, 544.00)
Static prop models/props_trainyard/handrail608.mdl outside the map (656.00, -896.00, 544.00)
Static prop models/props_trainyard/handrail128.mdl outside the map (656.00, -2528.00, 544.25)
Placing detail props : 0...1...2...3...4...5...6...7...8...9...10
Compacting texture/material tables...
Reduced 259 texinfos to 138
Reduced 35 texdatas to 30 (937 bytes to 760)
Writing F:\Libraries\Documents\Tf2Maps\cp_depot Alpha 01.bsp
2 seconds elapsed



8 threads
reading f:\libraries\documents\tf2maps\cp_depot Alpha 01.bsp
reading f:\libraries\documents\tf2maps\cp_depot Alpha 01.prt
LoadPortals: couldn't read f:\libraries\documents\tf2maps\cp_depot Alpha 01.prt



[Reading texlights from 'lights.rad']
[37 texlights parsed from 'lights.rad']

Loading f:\libraries\documents\tf2maps\cp_depot Alpha 01.bsp
No vis information, direct lighting only.
1099 faces
349116 square feet [50272788.00 square inches]
0 Displacements
0 Square Feet [0.00 Square Inches]
59 direct lights
0...1...2...3...4...5...6...7...8...9...10Build Patch/Sample Hash Table(s).....Done<0.0041 sec>
0...1...2...3...4...5...6...7...8...9...10FinalLightFace Done
0 of 0 (0% of) surface lights went in leaf ambient cubes.
0...1...2...3...4...5...6...7...8...9...10Writing leaf ambient...done
Ready to Finish

Object names       Objects/Maxobjs  Memory / Maxmem  Fullness 
------------       ---------------  ---------------  -------- 
models                  19/1024          912/49152    ( 1.9%) 
brushes                256/8192         3072/98304    ( 3.1%) 
brushsides            1559/65536       12472/524288   ( 2.4%) 
planes                 672/65536       13440/1310720  ( 1.0%) 
vertexes              2244/65536       26928/786432   ( 3.4%) 
nodes                 1030/65536       32960/2097152  ( 1.6%) 
texinfos               138/12288        9936/884736   ( 1.1%) 
texdata                 30/2048          960/65536    ( 1.5%) 
dispinfos                0/0               0/0        ( 0.0%) 
disp_verts               0/0               0/0        ( 0.0%) 
disp_tris                0/0               0/0        ( 0.0%) 
disp_lmsamples           0/0               0/0        ( 0.0%) 
faces                 1099/65536       61544/3670016  ( 1.7%) 
hdr faces                0/65536           0/3670016  ( 0.0%) 
origfaces              625/65536       35000/3670016  ( 1.0%) 
leaves                1050/65536       33600/2097152  ( 1.6%) 
leaffaces             1309/65536        2618/131072   ( 2.0%) 
leafbrushes            421/65536         842/131072   ( 0.6%) 
areas                    2/256            16/2048     ( 0.8%) 
surfedges             7783/512000      31132/2048000  ( 1.5%) 
edges                 4667/256000      18668/1024000  ( 1.8%) 
LDR worldlights         59/8192         5192/720896   ( 0.7%) 
HDR worldlights          0/8192            0/720896   ( 0.0%) 
leafwaterdata            0/32768           0/393216   ( 0.0%) 
waterstrips            168/32768        1680/327680   ( 0.5%) 
waterverts               0/65536           0/786432   ( 0.0%) 
waterindices          2604/65536        5208/131072   ( 4.0%) 
cubemapsamples           0/1024            0/16384    ( 0.0%) 
overlays                 0/512             0/180224   ( 0.0%) 
LDR lightdata         [variable]     1223556/0        ( 0.0%) 
HDR lightdata         [variable]           0/0        ( 0.0%) 
visdata               [variable]           0/16777216 ( 0.0%) 
entdata               [variable]       35985/393216   ( 9.2%) 
LDR ambient table     1050/65536        4200/262144   ( 1.6%) 
HDR ambient table     1050/65536        4200/262144   ( 1.6%) 
LDR leaf ambient      6945/65536      194460/1835008  (10.6%) 
HDR leaf ambient      1050/65536       29400/1835008  ( 1.6%) 
occluders                0/0               0/0        ( 0.0%) 
occluder polygons        0/0               0/0        ( 0.0%) 
occluder vert ind        0/0               0/0        ( 0.0%) 
detail props          [variable]           1/12       ( 8.3%) 
static props          [variable]           1/16908    ( 0.0%) 
pakfile               [variable]        1158/0        ( 0.0%) 
physics               [variable]       94531/4194304  ( 2.3%) 
physics terrain       [variable]           2/1048576  ( 0.0%) 

Level flags = 0

Total triangle count: 3097
Writing f:\libraries\documents\tf2maps\cp_depot Alpha 01.bsp
6 seconds elapsed



materialPath: F:\SteamLibrary\SteamApps\common\Team Fortress 2\tf\materials
Loading F:\Libraries\Documents\Tf2Maps\cp_depot Alpha 01.vmf
ConVarRef mat_reduceparticles doesn't point to an existing ConVar
Patching WVT material: maps/cp_depot alpha 01/brick/blendcobbletocobblesnow001_wvt_patch
fixing up env_cubemap materials on brush sides...
0...1...2...3...4...5...6...7...8...9...10**** leaked ****
Entity shadow_control (240.32 -2407.62 1160.00) leaked!

FindPortalSide: Couldn't find a good match for which brush to assign to a portal near (2048.0 1536.0 540.0)
Leaf 0 contents: 
Leaf 1 contents: CONTENTS_SOLID 
viscontents (node 0 contents ^ node 1 contents): CONTENTS_SOLID 
This means that none of the brushes in leaf 0 or 1 that touches the portal has CONTENTS_SOLID 
Check for a huge brush enclosing the coordinates above that has contents CONTENTS_SOLID 
Candidate brush IDs: 


FindPortalSide: Couldn't find a good match for which brush to assign to a portal near (1536.0 2048.0 540.0)
Leaf 0 contents: 
Leaf 1 contents: CONTENTS_SOLID 
viscontents (node 0 contents ^ node 1 contents): CONTENTS_SOLID 
This means that none of the brushes in leaf 0 or 1 that touches the portal has CONTENTS_SOLID 
Check for a huge brush enclosing the coordinates above that has contents CONTENTS_SOLID 
Candidate brush IDs: 


FindPortalSide: Couldn't find a good match for which brush to assign to a portal near (64.0 1024.0 -44.0)
Leaf 0 contents: CONTENTS_SOLID 
Leaf 1 contents: 
viscontents (node 0 contents ^ node 1 contents): CONTENTS_SOLID 
This means that none of the brushes in leaf 0 or 1 that touches the portal has CONTENTS_SOLID 
Check for a huge brush enclosing the coordinates above that has contents CONTENTS_SOLID 
Candidate brush IDs: 


FindPortalSide: Couldn't find a good match for which brush to assign to a portal near (576.0 1024.0 212.0)
Leaf 0 contents: CONTENTS_SOLID 
Leaf 1 contents: 
viscontents (node 0 contents ^ node 1 contents): CONTENTS_SOLID 
This means that none of the brushes in leaf 0 or 1 that touches the portal has CONTENTS_SOLID 
Check for a huge brush enclosing the coordinates above that has contents CONTENTS_SOLID 
Candidate brush IDs: 


FindPortalSide: Couldn't find a good match for which brush to assign to a portal near (352.0 1024.0 608.0)
Leaf 0 contents: CONTENTS_SOLID 
Leaf 1 contents: 
viscontents (node 0 contents ^ node 1 contents): CONTENTS_SOLID 
This means that none of the brushes in leaf 0 or 1 that touches the portal has CONTENTS_SOLID 
Check for a huge brush enclosing the coordinates above that has contents CONTENTS_SOLID 
Candidate brush IDs: 


FindPortalSide: Couldn't find a good match for which brush to assign to a portal near (864.0 1024.0 608.0)
Leaf 0 contents: CONTENTS_SOLID 
Leaf 1 contents: 
viscontents (node 0 contents ^ node 1 contents): CONTENTS_SOLID 
This means that none of the brushes in leaf 0 or 1 that touches the portal has CONTENTS_SOLID 
Check for a huge brush enclosing the coordinates above that has contents CONTENTS_SOLID 
Candidate brush IDs: 


FindPortalSide: Couldn't find a good match for which brush to assign to a portal near (352.0 1024.0 896.0)
Leaf 0 contents: CONTENTS_SOLID 
Leaf 1 contents: 
viscontents (node 0 contents ^ node 1 contents): CONTENTS_SOLID 
This means that none of the brushes in leaf 0 or 1 that touches the portal has CONTENTS_SOLID 
Check for a huge brush enclosing the coordinates above that has contents CONTENTS_SOLID 
Candidate brush IDs: 


FindPortalSide: Couldn't find a good match for which brush to assign to a portal near (864.0 1024.0 896.0)
Leaf 0 contents: CONTENTS_SOLID 
Leaf 1 contents: 
viscontents (node 0 contents ^ node 1 contents): CONTENTS_SOLID 
This means that none of the brushes in leaf 0 or 1 that touches the portal has CONTENTS_SOLID 
Check for a huge brush enclosing the coordinates above that has contents CONTENTS_SOLID 
Candidate brush IDs: 

*** Suppressing further FindPortalSide errors.... ***
Processing areas...done (0)
Building Faces...done (0)
Chop Details...done (0)
Find Visible Detail Sides...done (0)
Merging details...done (0)
FixTjuncs...
PruneNodes...
WriteBSP...
done (0)
*** Error: Skybox vtf files for skybox/sky_dustbowl_01 weren't compiled with the same size texture and/or same flags!
Can't load skybox file skybox/sky_dustbowl_01 to build the default cubemap!
*** Error: Skybox vtf files for skybox/sky_dustbowl_01 weren't compiled with the same size texture and/or same flags!
Can't load skybox file skybox/sky_dustbowl_01 to build the default cubemap!
Finding displacement neighbors...
Finding lightmap sample positions...
Displacement Alpha : 0...1...2...3...4...5...6...7...8...9...10
Building Physics collision data...
done (1) (94531 bytes)
Static prop models/props_trainyard/handrail608.mdl outside the map (656.00, -2144.00, 544.00)
Static prop models/props_trainyard/handrail608.mdl outside the map (656.00, -1520.00, 544.00)
Static prop models/props_trainyard/handrail608.mdl outside the map (656.00, -896.00, 544.00)
Static prop models/props_trainyard/handrail128.mdl outside the map (656.00, -2528.00, 544.25)
Placing detail props : 0...1...2...3...4...5...6...7...8...9...10
Compacting texture/material tables...
Reduced 259 texinfos to 138
Reduced 35 texdatas to 30 (937 bytes to 760)
Writing F:\Libraries\Documents\Tf2Maps\cp_depot Alpha 01.bsp
2 seconds elapsed



8 threads
reading f:\libraries\documents\tf2maps\cp_depot Alpha 01.bsp
reading f:\libraries\documents\tf2maps\cp_depot Alpha 01.prt
LoadPortals: couldn't read f:\libraries\documents\tf2maps\cp_depot Alpha 01.prt



[Reading texlights from 'lights.rad']
[37 texlights parsed from 'lights.rad']

Loading f:\libraries\documents\tf2maps\cp_depot Alpha 01.bsp
No vis information, direct lighting only.
1099 faces
349116 square feet [50272788.00 square inches]
0 Displacements
0 Square Feet [0.00 Square Inches]
59 direct lights
0...1...2...3...4...5...6...7...8...9...10Build Patch/Sample Hash Table(s).....Done<0.0041 sec>
0...1...2...3...4...5...6...7...8...9...10FinalLightFace Done
0 of 0 (0% of) surface lights went in leaf ambient cubes.
0...1...2...3...4...5...6...7...8...9...10Writing leaf ambient...done
Ready to Finish

Object names       Objects/Maxobjs  Memory / Maxmem  Fullness 
------------       ---------------  ---------------  -------- 
models                  19/1024          912/49152    ( 1.9%) 
brushes                256/8192         3072/98304    ( 3.1%) 
brushsides            1559/65536       12472/524288   ( 2.4%) 
planes                 672/65536       13440/1310720  ( 1.0%) 
vertexes              2244/65536       26928/786432   ( 3.4%) 
nodes                 1030/65536       32960/2097152  ( 1.6%) 
texinfos               138/12288        9936/884736   ( 1.1%) 
texdata                 30/2048          960/65536    ( 1.5%) 
dispinfos                0/0               0/0        ( 0.0%) 
disp_verts               0/0               0/0        ( 0.0%) 
disp_tris                0/0               0/0        ( 0.0%) 
disp_lmsamples           0/0               0/0        ( 0.0%) 
faces                 1099/65536       61544/3670016  ( 1.7%) 
hdr faces                0/65536           0/3670016  ( 0.0%) 
origfaces              625/65536       35000/3670016  ( 1.0%) 
leaves                1050/65536       33600/2097152  ( 1.6%) 
leaffaces             1309/65536        2618/131072   ( 2.0%) 
leafbrushes            421/65536         842/131072   ( 0.6%) 
areas                    2/256            16/2048     ( 0.8%) 
surfedges             7783/512000      31132/2048000  ( 1.5%) 
edges                 4667/256000      18668/1024000  ( 1.8%) 
LDR worldlights         59/8192         5192/720896   ( 0.7%) 
HDR worldlights          0/8192            0/720896   ( 0.0%) 
leafwaterdata            0/32768           0/393216   ( 0.0%) 
waterstrips            168/32768        1680/327680   ( 0.5%) 
waterverts               0/65536           0/786432   ( 0.0%) 
waterindices          2604/65536        5208/131072   ( 4.0%) 
cubemapsamples           0/1024            0/16384    ( 0.0%) 
overlays                 0/512             0/180224   ( 0.0%) 
LDR lightdata         [variable]     1223556/0        ( 0.0%) 
HDR lightdata         [variable]           0/0        ( 0.0%) 
visdata               [variable]           0/16777216 ( 0.0%) 
entdata               [variable]       35985/393216   ( 9.2%) 
LDR ambient table     1050/65536        4200/262144   ( 1.6%) 
HDR ambient table     1050/65536        4200/262144   ( 1.6%) 
LDR leaf ambient      6945/65536      194460/1835008  (10.6%) 
HDR leaf ambient      1050/65536       29400/1835008  ( 1.6%) 
occluders                0/0               0/0        ( 0.0%) 
occluder polygons        0/0               0/0        ( 0.0%) 
occluder vert ind        0/0               0/0        ( 0.0%) 
detail props          [variable]           1/12       ( 8.3%) 
static props          [variable]           1/16908    ( 0.0%) 
pakfile               [variable]        1158/0        ( 0.0%) 
physics               [variable]       94531/4194304  ( 2.3%) 
physics terrain       [variable]           2/1048576  ( 0.0%) 

Level flags = 0

Total triangle count: 3097
Writing f:\libraries\documents\tf2maps\cp_depot Alpha 01.bsp
6 seconds elapsed



materialPath: F:\SteamLibrary\SteamApps\common\Team Fortress 2\tf\materials
Loading F:\Libraries\Documents\Tf2Maps\cp_depot Alpha 01.vmf
ConVarRef mat_reduceparticles doesn't point to an existing ConVar
Patching WVT material: maps/cp_depot alpha 01/brick/blendcobbletocobblesnow001_wvt_patch
fixing up env_cubemap materials on brush sides...
0...1...2...3...4...5...6...7...8...9...10**** leaked ****
Entity shadow_control (240.32 -2407.62 1160.00) leaked!

FindPortalSide: Couldn't find a good match for which brush to assign to a portal near (2048.0 1536.0 540.0)
Leaf 0 contents: 
Leaf 1 contents: CONTENTS_SOLID 
viscontents (node 0 contents ^ node 1 contents): CONTENTS_SOLID 
This means that none of the brushes in leaf 0 or 1 that touches the portal has CONTENTS_SOLID 
Check for a huge brush enclosing the coordinates above that has contents CONTENTS_SOLID 
Candidate brush IDs: 


FindPortalSide: Couldn't find a good match for which brush to assign to a portal near (1536.0 2048.0 540.0)
Leaf 0 contents: 
Leaf 1 contents: CONTENTS_SOLID 
viscontents (node 0 contents ^ node 1 contents): CONTENTS_SOLID 
This means that none of the brushes in leaf 0 or 1 that touches the portal has CONTENTS_SOLID 
Check for a huge brush enclosing the coordinates above that has contents CONTENTS_SOLID 
Candidate brush IDs: 


FindPortalSide: Couldn't find a good match for which brush to assign to a portal near (64.0 1024.0 -44.0)
Leaf 0 contents: CONTENTS_SOLID 
Leaf 1 contents: 
viscontents (node 0 contents ^ node 1 contents): CONTENTS_SOLID 
This means that none of the brushes in leaf 0 or 1 that touches the portal has CONTENTS_SOLID 
Check for a huge brush enclosing the coordinates above that has contents CONTENTS_SOLID 
Candidate brush IDs: 


FindPortalSide: Couldn't find a good match for which brush to assign to a portal near (576.0 1024.0 212.0)
Leaf 0 contents: CONTENTS_SOLID 
Leaf 1 contents: 
viscontents (node 0 contents ^ node 1 contents): CONTENTS_SOLID 
This means that none of the brushes in leaf 0 or 1 that touches the portal has CONTENTS_SOLID 
Check for a huge brush enclosing the coordinates above that has contents CONTENTS_SOLID 
Candidate brush IDs: 


FindPortalSide: Couldn't find a good match for which brush to assign to a portal near (352.0 1024.0 608.0)
Leaf 0 contents: CONTENTS_SOLID 
Leaf 1 contents: 
viscontents (node 0 contents ^ node 1 contents): CONTENTS_SOLID 
This means that none of the brushes in leaf 0 or 1 that touches the portal has CONTENTS_SOLID 
Check for a huge brush enclosing the coordinates above that has contents CONTENTS_SOLID 
Candidate brush IDs: 


FindPortalSide: Couldn't find a good match for which brush to assign to a portal near (864.0 1024.0 608.0)
Leaf 0 contents: CONTENTS_SOLID 
Leaf 1 contents: 
viscontents (node 0 contents ^ node 1 contents): CONTENTS_SOLID 
This means that none of the brushes in leaf 0 or 1 that touches the portal has CONTENTS_SOLID 
Check for a huge brush enclosing the coordinates above that has contents CONTENTS_SOLID 
Candidate brush IDs: 


FindPortalSide: Couldn't find a good match for which brush to assign to a portal near (352.0 1024.0 896.0)
Leaf 0 contents: CONTENTS_SOLID 
Leaf 1 contents: 
viscontents (node 0 contents ^ node 1 contents): CONTENTS_SOLID 
This means that none of the brushes in leaf 0 or 1 that touches the portal has CONTENTS_SOLID 
Check for a huge brush enclosing the coordinates above that has contents CONTENTS_SOLID 
Candidate brush IDs: 


FindPortalSide: Couldn't find a good match for which brush to assign to a portal near (864.0 1024.0 896.0)
Leaf 0 contents: CONTENTS_SOLID 
Leaf 1 contents: 
viscontents (node 0 contents ^ node 1 contents): CONTENTS_SOLID 
This means that none of the brushes in leaf 0 or 1 that touches the portal has CONTENTS_SOLID 
Check for a huge brush enclosing the coordinates above that has contents CONTENTS_SOLID 
Candidate brush IDs: 

*** Suppressing further FindPortalSide errors.... ***
Processing areas...done (0)
Building Faces...done (0)
Chop Details...done (0)
Find Visible Detail Sides...done (0)
Merging details...done (0)
FixTjuncs...
PruneNodes...
WriteBSP...
done (0)
*** Error: Skybox vtf files for skybox/sky_dustbowl_01 weren't compiled with the same size texture and/or same flags!
Can't load skybox file skybox/sky_dustbowl_01 to build the default cubemap!
*** Error: Skybox vtf files for skybox/sky_dustbowl_01 weren't compiled with the same size texture and/or same flags!
Can't load skybox file skybox/sky_dustbowl_01 to build the default cubemap!
Finding displacement neighbors...
Finding lightmap sample positions...
Displacement Alpha : 0...1...2...3...4...5...6...7...8...9...10
Building Physics collision data...
done (1) (94531 bytes)
Static prop models/props_trainyard/handrail608.mdl outside the map (656.00, -2144.00, 544.00)
Static prop models/props_trainyard/handrail608.mdl outside the map (656.00, -1520.00, 544.00)
Static prop models/props_trainyard/handrail608.mdl outside the map (656.00, -896.00, 544.00)
Static prop models/props_trainyard/handrail128.mdl outside the map (656.00, -2528.00, 544.25)
Placing detail props : 0...1...2...3...4...5...6...7...8...9...10
Compacting texture/material tables...
Reduced 259 texinfos to 138
Reduced 35 texdatas to 30 (937 bytes to 760)
Writing F:\Libraries\Documents\Tf2Maps\cp_depot Alpha 01.bsp
2 seconds elapsed



8 threads
reading f:\libraries\documents\tf2maps\cp_depot Alpha 01.bsp
reading f:\libraries\documents\tf2maps\cp_depot Alpha 01.prt
LoadPortals: couldn't read f:\libraries\documents\tf2maps\cp_depot Alpha 01.prt



[Reading texlights from 'lights.rad']
[37 texlights parsed from 'lights.rad']

Loading f:\libraries\documents\tf2maps\cp_depot Alpha 01.bsp
No vis information, direct lighting only.
1099 faces
349116 square feet [50272788.00 square inches]
0 Displacements
0 Square Feet [0.00 Square Inches]
59 direct lights
0...1...2...3...4...5...6...7...8...9...10Build Patch/Sample Hash Table(s).....Done<0.0041 sec>
0...1...2...3...4...5...6...7...8...9...10FinalLightFace Done
0 of 0 (0% of) surface lights went in leaf ambient cubes.
0...1...2...3...4...5...6...7...8...9...10Writing leaf ambient...done
Ready to Finish

Object names       Objects/Maxobjs  Memory / Maxmem  Fullness 
------------       ---------------  ---------------  -------- 
models                  19/1024          912/49152    ( 1.9%) 
brushes                256/8192         3072/98304    ( 3.1%) 
brushsides            1559/65536       12472/524288   ( 2.4%) 
planes                 672/65536       13440/1310720  ( 1.0%) 
vertexes              2244/65536       26928/786432   ( 3.4%) 
nodes                 1030/65536       32960/2097152  ( 1.6%) 
texinfos               138/12288        9936/884736   ( 1.1%) 
texdata                 30/2048          960/65536    ( 1.5%) 
dispinfos                0/0               0/0        ( 0.0%) 
disp_verts               0/0               0/0        ( 0.0%) 
disp_tris                0/0               0/0        ( 0.0%) 
disp_lmsamples           0/0               0/0        ( 0.0%) 
faces                 1099/65536       61544/3670016  ( 1.7%) 
hdr faces                0/65536           0/3670016  ( 0.0%) 
origfaces              625/65536       35000/3670016  ( 1.0%) 
leaves                1050/65536       33600/2097152  ( 1.6%) 
leaffaces             1309/65536        2618/131072   ( 2.0%) 
leafbrushes            421/65536         842/131072   ( 0.6%) 
areas                    2/256            16/2048     ( 0.8%) 
surfedges             7783/512000      31132/2048000  ( 1.5%) 
edges                 4667/256000      18668/1024000  ( 1.8%) 
LDR worldlights         59/8192         5192/720896   ( 0.7%) 
HDR worldlights          0/8192            0/720896   ( 0.0%) 
leafwaterdata            0/32768           0/393216   ( 0.0%) 
waterstrips            168/32768        1680/327680   ( 0.5%) 
waterverts               0/65536           0/786432   ( 0.0%) 
waterindices          2604/65536        5208/131072   ( 4.0%) 
cubemapsamples           0/1024            0/16384    ( 0.0%) 
overlays                 0/512             0/180224   ( 0.0%) 
LDR lightdata         [variable]     1223556/0        ( 0.0%) 
HDR lightdata         [variable]           0/0        ( 0.0%) 
visdata               [variable]           0/16777216 ( 0.0%) 
entdata               [variable]       35985/393216   ( 9.2%) 
LDR ambient table     1050/65536        4200/262144   ( 1.6%) 
HDR ambient table     1050/65536        4200/262144   ( 1.6%) 
LDR leaf ambient      6945/65536      194460/1835008  (10.6%) 
HDR leaf ambient      1050/65536       29400/1835008  ( 1.6%) 
occluders                0/0               0/0        ( 0.0%) 
occluder polygons        0/0               0/0        ( 0.0%) 
occluder vert ind        0/0               0/0        ( 0.0%) 
detail props          [variable]           1/12       ( 8.3%) 
static props          [variable]           1/16908    ( 0.0%) 
pakfile               [variable]        1158/0        ( 0.0%) 
physics               [variable]       94531/4194304  ( 2.3%) 
physics terrain       [variable]           2/1048576  ( 0.0%) 

Level flags = 0

Total triangle count: 3097
Writing f:\libraries\documents\tf2maps\cp_depot Alpha 01.bsp
6 seconds elapsed
